{
  "stats": {
    "suites": 0,
    "tests": 3,
    "passes": 1,
    "pending": 0,
    "failures": 2,
    "start": "2019-01-21T16:46:07.204Z",
    "end": "2019-01-21T16:46:08.178Z",
    "duration": 974,
    "testsRegistered": 3,
    "passPercent": 33.3,
    "pendingPercent": 0,
    "other": 0,
    "hasOther": false,
    "skipped": 0,
    "hasSkipped": false,
    "passPercentClass": "danger",
    "pendingPercentClass": "danger"
  },
  "suites": {
    "uuid": "fe4cce85-a0fa-4f12-8bbf-650cb5addad1",
    "title": "",
    "fullFile": "",
    "file": "",
    "beforeHooks": [],
    "afterHooks": [],
    "tests": [
      {
        "title": "Test : Verify get config call",
        "fullTitle": "Test : Verify get config call",
        "timedOut": false,
        "duration": 953,
        "state": "passed",
        "speed": "slow",
        "pass": true,
        "fail": false,
        "pending": false,
        "code": "const expectedoutput = \"{\\\"mess\\\":\\\"entiy for tenant_10\\\",\\\"entity\\\":{\\\"name\\\":\\\"Tenant_10\\\",\\\"fields\\\":[\\\"address_10\\\",\\\"city\\\",\\\"country\\\"],\\\"datattype\\\":\\\"\\\",\\\"relationship\\\":\\\"customer_10\\\"}}\";\nrequest('https://secret-escarpment-70468.herokuapp.com/tenants/10/config' , function(error, response, body) {\n    expect(JSON.stringify(body)).to.equal(JSON.stringify(expectedoutput));\n    expect(response.statusCode).to.equal(200);\n    done();\n});",
        "err": {},
        "isRoot": true,
        "uuid": "dcef6c3f-3256-4a05-b4eb-3272f626a94e",
        "isHook": false,
        "skipped": false
      },
      {
        "title": "Test : Upload customer",
        "fullTitle": "Test : Upload customer",
        "timedOut": false,
        "duration": 4,
        "state": "failed",
        "pass": false,
        "fail": true,
        "pending": false,
        "code": "request.post({\n    url:'https://secret-escarpment-70468.herokuapp.com/customers/upload',\n    headers:{'content-type':'application/json','mediatype':'multipart'},\n    body:{\"test\":\"TestExcel upload\"}\n}, function(response, body){\n    expect(JSON.stringify(body)).to.equal(JSON.stringify({message: \"Uploaded successfully\"}));\n    expect(response.statusCode).to.equal(200);\n    done();\n});",
        "err": {
          "message": "AssertionError: expected undefined to equal '{\"message\":\"Uploaded successfully\"}'",
          "estack": "AssertionError: expected undefined to equal '{\"message\":\"Uploaded successfully\"}'\n    at Request._callback (tests\\tests.js:19:41)\n    at self.callback (node_modules\\request\\request.js:185:22)\n    at setContentLength (node_modules\\request\\request.js:437:14)\n    at Request.init (node_modules\\request\\request.js:442:5)\n    at new Request (node_modules\\request\\request.js:127:8)\n    at request (node_modules\\request\\index.js:53:10)\n    at Function.post (node_modules\\request\\index.js:61:12)\n    at Context.<anonymous> (tests\\tests.js:14:13)"
        },
        "isRoot": true,
        "uuid": "a4127095-0b8f-45d0-9713-c6b1d1aa6e82",
        "isHook": false,
        "skipped": false
      },
      {
        "title": "Test : Upload customer- No media type",
        "fullTitle": "Test : Upload customer- No media type",
        "timedOut": false,
        "duration": 0,
        "state": "failed",
        "pass": false,
        "fail": true,
        "pending": false,
        "code": "request.post({\n    url:'https://secret-escarpment-70468.herokuapp.com/customers/upload',\n    headers:{'content-type':'application/json'},\n    body:{\"test\":\"TestExcel upload\"}\n}, function(response, body){\n    expect(JSON.stringify(body)).to.equal(JSON.stringify({message: \"Unsupported media type\"}));\n    expect(response.statusCode).to.equal(415);\n    done();\n});",
        "err": {
          "message": "AssertionError: expected undefined to equal '{\"message\":\"Unsupported media type\"}'",
          "estack": "AssertionError: expected undefined to equal '{\"message\":\"Unsupported media type\"}'\n    at Request._callback (tests\\tests.js:31:41)\n    at self.callback (node_modules\\request\\request.js:185:22)\n    at setContentLength (node_modules\\request\\request.js:437:14)\n    at Request.init (node_modules\\request\\request.js:442:5)\n    at new Request (node_modules\\request\\request.js:127:8)\n    at request (node_modules\\request\\index.js:53:10)\n    at Function.post (node_modules\\request\\index.js:61:12)\n    at Context.<anonymous> (tests\\tests.js:26:13)"
        },
        "isRoot": true,
        "uuid": "36496172-d4d1-4110-8818-05e8e6b91826",
        "isHook": false,
        "skipped": false
      }
    ],
    "suites": [],
    "passes": [
      "dcef6c3f-3256-4a05-b4eb-3272f626a94e"
    ],
    "failures": [
      "a4127095-0b8f-45d0-9713-c6b1d1aa6e82",
      "36496172-d4d1-4110-8818-05e8e6b91826"
    ],
    "pending": [],
    "skipped": [],
    "duration": 957,
    "root": true,
    "rootEmpty": false,
    "_timeout": 2000
  },
  "copyrightYear": 2019
}