{
  "stats": {
    "suites": 0,
    "tests": 3,
    "passes": 2,
    "pending": 0,
    "failures": 1,
    "start": "2019-01-21T17:26:39.826Z",
    "end": "2019-01-21T17:26:41.791Z",
    "duration": 1965,
    "testsRegistered": 3,
    "passPercent": 66.7,
    "pendingPercent": 0,
    "other": 0,
    "hasOther": false,
    "skipped": 0,
    "hasSkipped": false,
    "passPercentClass": "warning",
    "pendingPercentClass": "danger"
  },
  "suites": {
    "uuid": "99a21809-434d-4c50-bc8f-b0005beb5210",
    "title": "",
    "fullFile": "",
    "file": "",
    "beforeHooks": [],
    "afterHooks": [],
    "tests": [
      {
        "title": "Test : Verify get config call",
        "fullTitle": "Test : Verify get config call",
        "timedOut": false,
        "duration": 1254,
        "state": "passed",
        "speed": "slow",
        "pass": true,
        "fail": false,
        "pending": false,
        "code": "const expectedoutput = \"{\\\"mess\\\":\\\"entiy for tenant_10\\\",\\\"entity\\\":{\\\"name\\\":\\\"Tenant_10\\\",\\\"fields\\\":[\\\"address_10\\\",\\\"city\\\",\\\"country\\\"],\\\"datattype\\\":\\\"\\\",\\\"relationship\\\":\\\"customer_10\\\"}}\";\nrequest('https://secret-escarpment-70468.herokuapp.com/tenants/10/config', function (error, response, body) {\n    expect(JSON.stringify(body)).to.equal(JSON.stringify(expectedoutput));\n    expect(response.statusCode).to.equal(200);\n    done();\n});",
        "err": {},
        "isRoot": true,
        "uuid": "f2c2617d-df46-45cd-ab02-a7b9f246d3c1",
        "isHook": false,
        "skipped": false
      },
      {
        "title": "Test : Upload customer",
        "fullTitle": "Test : Upload customer",
        "timedOut": false,
        "duration": 654,
        "state": "passed",
        "speed": "slow",
        "pass": true,
        "fail": false,
        "pending": false,
        "code": "request.post({\n    url: 'https://secret-escarpment-70468.herokuapp.com/customers/upload',\n    headers: {\n        'content-type': 'application/json',\n        'mediatype': 'multipart'\n    },\n    body: \"{\\\"test\\\":\\\"TestExcel upload\\\"}\"\n}, function (response, body) {\n    expect(JSON.stringify(body).indexOf('Uploaded successfully') > -1).to.be.true;\n    done();\n});",
        "err": {},
        "isRoot": true,
        "uuid": "4a7ba092-601a-4be8-a8e6-12cd05370153",
        "isHook": false,
        "skipped": false
      },
      {
        "title": "Test : Upload customer- No media type",
        "fullTitle": "Test : Upload customer- No media type",
        "timedOut": false,
        "duration": 14,
        "state": "failed",
        "pass": false,
        "fail": true,
        "pending": false,
        "code": "request.post({\n    url: 'https://secret-escarpment-70468.herokuapp.com/customers/upload',\n    headers: {\n        'content-type': 'application/json'\n    },\n    body: {\n        \"test\": \"TestExcel upload\"\n    }\n}, function (response, body) {\n    console.log('------------------------------------------')\n    console.log(body)\n    expect(JSON.stringify(body).indexOf('Unsupported media type') > -1).to.be.true;\n    done();\n});",
        "err": {
          "message": "TypeError: Cannot read property 'indexOf' of undefined",
          "estack": "TypeError: Cannot read property 'indexOf' of undefined\n    at Request._callback (tests\\tests.js:39:36)\n    at self.callback (node_modules\\request\\request.js:185:22)\n    at setContentLength (node_modules\\request\\request.js:437:14)\n    at Request.init (node_modules\\request\\request.js:442:5)\n    at new Request (node_modules\\request\\request.js:127:8)\n    at request (node_modules\\request\\index.js:53:10)\n    at Function.post (node_modules\\request\\index.js:61:12)\n    at Context.<anonymous> (tests\\tests.js:28:13)"
        },
        "isRoot": true,
        "uuid": "a0bc1941-bd1d-4cbd-8052-ae838fc8ce2d",
        "isHook": false,
        "skipped": false
      }
    ],
    "suites": [],
    "passes": [
      "f2c2617d-df46-45cd-ab02-a7b9f246d3c1",
      "4a7ba092-601a-4be8-a8e6-12cd05370153"
    ],
    "failures": [
      "a0bc1941-bd1d-4cbd-8052-ae838fc8ce2d"
    ],
    "pending": [],
    "skipped": [],
    "duration": 1922,
    "root": true,
    "rootEmpty": false,
    "_timeout": 2000
  },
  "copyrightYear": 2019
}